<?xml version="1.0" encoding="UTF-8"?>
<!-- Generated by org.testng.reporters.JUnitReportReporter -->
<testsuite hostname="chaitanya-pc" failures="0" tests="1" name="com.automation.Testcases.BookFlight" time="0.838" errors="0" timestamp="2022-09-28T21:35:56 GMT-04:00" skipped="0">
  <testcase classname="com.automation.Testcases.BookFlight" name="enterOriginDetails" time="0.838"/>
  <system-out/>
</testsuite> <!-- com.automation.Testcases.BookFlight -->
